[2017-03-10 03:24:25] local.ERROR: PDOException: SQLSTATE[HY000] [1049] Unknown database 'eventbot' in C:\xampp\htdocs\laravel-test\vendor\laravel\framework\src\Illuminate\Database\Connectors\Connector.php:119
Stack trace:
#0 C:\xampp\htdocs\laravel-test\vendor\laravel\framework\src\Illuminate\Database\Connectors\Connector.php(119): PDO->__construct('mysql:host=loca...', 'root', '123456', Array)
#1 C:\xampp\htdocs\laravel-test\vendor\laravel\framework\src\Illuminate\Database\Connectors\Connector.php(56): Illuminate\Database\Connectors\Connector->createPdoConnection('mysql:host=loca...', 'root', '123456', Array)
#2 C:\xampp\htdocs\laravel-test\vendor\laravel\framework\src\Illuminate\Database\Connectors\MySqlConnector.php(24): Illuminate\Database\Connectors\Connector->createConnection('mysql:host=loca...', Array, Array)
#3 C:\xampp\htdocs\laravel-test\vendor\laravel\framework\src\Illuminate\Database\Connectors\ConnectionFactory.php(126): Illuminate\Database\Connectors\MySqlConnector->connect(Array)
#4 [internal function]: Illuminate\Database\Connectors\ConnectionFactory->Illuminate\Database\Connectors\{closure}()
#5 C:\xampp\htdocs\laravel-test\vendor\laravel\framework\src\Illuminate\Database\Connection.php(965): call_user_func(Object(Closure))
#6 C:\xampp\htdocs\laravel-test\vendor\laravel\framework\src\Illuminate\Database\Connection.php(986): Illuminate\Database\Connection->getPdo()
#7 C:\xampp\htdocs\laravel-test\vendor\laravel\framework\src\Illuminate\Database\Connection.php(423): Illuminate\Database\Connection->getReadPdo()
#8 C:\xampp\htdocs\laravel-test\vendor\laravel\framework\src\Illuminate\Database\Connection.php(333): Illuminate\Database\Connection->getPdoForSelect(true)
#9 C:\xampp\htdocs\laravel-test\vendor\laravel\framework\src\Illuminate\Database\Connection.php(763): Illuminate\Database\Connection->Illuminate\Database\{closure}(Object(Illuminate\Database\MySqlConnection), 'select * from `...', Array)
#10 C:\xampp\htdocs\laravel-test\vendor\laravel\framework\src\Illuminate\Database\Connection.php(726): Illuminate\Database\Connection->runQueryCallback('select * from `...', Array, Object(Closure))
#11 C:\xampp\htdocs\laravel-test\vendor\laravel\framework\src\Illuminate\Database\Connection.php(351): Illuminate\Database\Connection->run('select * from `...', Array, Object(Closure))
#12 C:\xampp\htdocs\laravel-test\vendor\laravel\framework\src\Illuminate\Database\Query\Builder.php(1648): Illuminate\Database\Connection->select('select * from `...', Array, true)
#13 C:\xampp\htdocs\laravel-test\vendor\laravel\framework\src\Illuminate\Database\Query\Builder.php(1634): Illuminate\Database\Query\Builder->runSelect()
#14 C:\xampp\htdocs\laravel-test\vendor\laravel\framework\src\Illuminate\Database\Eloquent\Builder.php(638): Illuminate\Database\Query\Builder->get(Array)
#15 C:\xampp\htdocs\laravel-test\vendor\laravel\framework\src\Illuminate\Database\Eloquent\Builder.php(327): Illuminate\Database\Eloquent\Builder->getModels(Array)
#16 C:\xampp\htdocs\laravel-test\vendor\spatie\laravel-permission\src\PermissionRegistrar.php(80): Illuminate\Database\Eloquent\Builder->get()
#17 C:\xampp\htdocs\laravel-test\vendor\laravel\framework\src\Illuminate\Cache\Repository.php(349): Spatie\Permission\PermissionRegistrar->Spatie\Permission\{closure}()
#18 C:\xampp\htdocs\laravel-test\vendor\spatie\laravel-permission\src\PermissionRegistrar.php(81): Illuminate\Cache\Repository->rememberForever('spatie.permissi...', Object(Closure))
#19 C:\xampp\htdocs\laravel-test\vendor\spatie\laravel-permission\src\PermissionRegistrar.php(46): Spatie\Permission\PermissionRegistrar->getPermissions()
#20 C:\xampp\htdocs\laravel-test\vendor\spatie\laravel-permission\src\PermissionServiceProvider.php(31): Spatie\Permission\PermissionRegistrar->registerPermissions()
#21 [internal function]: Spatie\Permission\PermissionServiceProvider->boot(Object(Spatie\Permission\PermissionRegistrar))
#22 C:\xampp\htdocs\laravel-test\vendor\laravel\framework\src\Illuminate\Container\Container.php(508): call_user_func_array(Array, Array)
#23 C:\xampp\htdocs\laravel-test\vendor\laravel\framework\src\Illuminate\Foundation\Application.php(769): Illuminate\Container\Container->call(Array)
#24 C:\xampp\htdocs\laravel-test\vendor\laravel\framework\src\Illuminate\Foundation\Application.php(752): Illuminate\Foundation\Application->bootProvider(Object(Spatie\Permission\PermissionServiceProvider))
#25 [internal function]: Illuminate\Foundation\Application->Illuminate\Foundation\{closure}(Object(Spatie\Permission\PermissionServiceProvider), 14)
#26 C:\xampp\htdocs\laravel-test\vendor\laravel\framework\src\Illuminate\Foundation\Application.php(753): array_walk(Array, Object(Closure))
#27 C:\xampp\htdocs\laravel-test\vendor\laravel\framework\src\Illuminate\Foundation\Bootstrap\BootProviders.php(17): Illuminate\Foundation\Application->boot()
#28 C:\xampp\htdocs\laravel-test\vendor\laravel\framework\src\Illuminate\Foundation\Application.php(203): Illuminate\Foundation\Bootstrap\BootProviders->bootstrap(Object(Illuminate\Foundation\Application))
#29 C:\xampp\htdocs\laravel-test\vendor\laravel\framework\src\Illuminate\Foundation\Console\Kernel.php(267): Illuminate\Foundation\Application->bootstrapWith(Array)
#30 C:\xampp\htdocs\laravel-test\vendor\laravel\framework\src\Illuminate\Foundation\Console\Kernel.php(113): Illuminate\Foundation\Console\Kernel->bootstrap()
#31 C:\xampp\htdocs\laravel-test\artisan(35): Illuminate\Foundation\Console\Kernel->handle(Object(Symfony\Component\Console\Input\ArgvInput), Object(Symfony\Component\Console\Output\ConsoleOutput))
#32 {main}  
[2017-03-10 03:24:25] local.ALERT: Could not register permissions because SQLSTATE[HY000] [1049] Unknown database 'eventbot' (SQL: select * from `permissions`)
#0 C:\xampp\htdocs\laravel-test\vendor\laravel\framework\src\Illuminate\Database\Connection.php(726): Illuminate\Database\Connection->runQueryCallback('select * from `...', Array, Object(Closure))
#1 C:\xampp\htdocs\laravel-test\vendor\laravel\framework\src\Illuminate\Database\Connection.php(351): Illuminate\Database\Connection->run('select * from `...', Array, Object(Closure))
#2 C:\xampp\htdocs\laravel-test\vendor\laravel\framework\src\Illuminate\Database\Query\Builder.php(1648): Illuminate\Database\Connection->select('select * from `...', Array, true)
#3 C:\xampp\htdocs\laravel-test\vendor\laravel\framework\src\Illuminate\Database\Query\Builder.php(1634): Illuminate\Database\Query\Builder->runSelect()
#4 C:\xampp\htdocs\laravel-test\vendor\laravel\framework\src\Illuminate\Database\Eloquent\Builder.php(638): Illuminate\Database\Query\Builder->get(Array)
#5 C:\xampp\htdocs\laravel-test\vendor\laravel\framework\src\Illuminate\Database\Eloquent\Builder.php(327): Illuminate\Database\Eloquent\Builder->getModels(Array)
#6 C:\xampp\htdocs\laravel-test\vendor\spatie\laravel-permission\src\PermissionRegistrar.php(80): Illuminate\Database\Eloquent\Builder->get()
#7 C:\xampp\htdocs\laravel-test\vendor\laravel\framework\src\Illuminate\Cache\Repository.php(349): Spatie\Permission\PermissionRegistrar->Spatie\Permission\{closure}()
#8 C:\xampp\htdocs\laravel-test\vendor\spatie\laravel-permission\src\PermissionRegistrar.php(81): Illuminate\Cache\Repository->rememberForever('spatie.permissi...', Object(Closure))
#9 C:\xampp\htdocs\laravel-test\vendor\spatie\laravel-permission\src\PermissionRegistrar.php(46): Spatie\Permission\PermissionRegistrar->getPermissions()
#10 C:\xampp\htdocs\laravel-test\vendor\spatie\laravel-permission\src\PermissionServiceProvider.php(31): Spatie\Permission\PermissionRegistrar->registerPermissions()
#11 [internal function]: Spatie\Permission\PermissionServiceProvider->boot(Object(Spatie\Permission\PermissionRegistrar))
#12 C:\xampp\htdocs\laravel-test\vendor\laravel\framework\src\Illuminate\Container\Container.php(508): call_user_func_array(Array, Array)
#13 C:\xampp\htdocs\laravel-test\vendor\laravel\framework\src\Illuminate\Foundation\Application.php(769): Illuminate\Container\Container->call(Array)
#14 C:\xampp\htdocs\laravel-test\vendor\laravel\framework\src\Illuminate\Foundation\Application.php(752): Illuminate\Foundation\Application->bootProvider(Object(Spatie\Permission\PermissionServiceProvider))
#15 [internal function]: Illuminate\Foundation\Application->Illuminate\Foundation\{closure}(Object(Spatie\Permission\PermissionServiceProvider), 14)
#16 C:\xampp\htdocs\laravel-test\vendor\laravel\framework\src\Illuminate\Foundation\Application.php(753): array_walk(Array, Object(Closure))
#17 C:\xampp\htdocs\laravel-test\vendor\laravel\framework\src\Illuminate\Foundation\Bootstrap\BootProviders.php(17): Illuminate\Foundation\Application->boot()
#18 C:\xampp\htdocs\laravel-test\vendor\laravel\framework\src\Illuminate\Foundation\Application.php(203): Illuminate\Foundation\Bootstrap\BootProviders->bootstrap(Object(Illuminate\Foundation\Application))
#19 C:\xampp\htdocs\laravel-test\vendor\laravel\framework\src\Illuminate\Foundation\Console\Kernel.php(267): Illuminate\Foundation\Application->bootstrapWith(Array)
#20 C:\xampp\htdocs\laravel-test\vendor\laravel\framework\src\Illuminate\Foundation\Console\Kernel.php(113): Illuminate\Foundation\Console\Kernel->bootstrap()
#21 C:\xampp\htdocs\laravel-test\artisan(35): Illuminate\Foundation\Console\Kernel->handle(Object(Symfony\Component\Console\Input\ArgvInput), Object(Symfony\Component\Console\Output\ConsoleOutput))
#22 {main}  
[2017-03-10 03:25:57] local.ERROR: PDOException: SQLSTATE[HY000] [1049] Unknown database 'eventbot' in C:\xampp\htdocs\laravel-test\vendor\laravel\framework\src\Illuminate\Database\Connectors\Connector.php:119
Stack trace:
#0 C:\xampp\htdocs\laravel-test\vendor\laravel\framework\src\Illuminate\Database\Connectors\Connector.php(119): PDO->__construct('mysql:host=loca...', 'root', '123456', Array)
#1 C:\xampp\htdocs\laravel-test\vendor\laravel\framework\src\Illuminate\Database\Connectors\Connector.php(56): Illuminate\Database\Connectors\Connector->createPdoConnection('mysql:host=loca...', 'root', '123456', Array)
#2 C:\xampp\htdocs\laravel-test\vendor\laravel\framework\src\Illuminate\Database\Connectors\MySqlConnector.php(24): Illuminate\Database\Connectors\Connector->createConnection('mysql:host=loca...', Array, Array)
#3 C:\xampp\htdocs\laravel-test\vendor\laravel\framework\src\Illuminate\Database\Connectors\ConnectionFactory.php(126): Illuminate\Database\Connectors\MySqlConnector->connect(Array)
#4 [internal function]: Illuminate\Database\Connectors\ConnectionFactory->Illuminate\Database\Connectors\{closure}()
#5 C:\xampp\htdocs\laravel-test\vendor\laravel\framework\src\Illuminate\Database\Connection.php(965): call_user_func(Object(Closure))
#6 C:\xampp\htdocs\laravel-test\vendor\laravel\framework\src\Illuminate\Database\Connection.php(986): Illuminate\Database\Connection->getPdo()
#7 C:\xampp\htdocs\laravel-test\vendor\laravel\framework\src\Illuminate\Database\Connection.php(423): Illuminate\Database\Connection->getReadPdo()
#8 C:\xampp\htdocs\laravel-test\vendor\laravel\framework\src\Illuminate\Database\Connection.php(333): Illuminate\Database\Connection->getPdoForSelect(true)
#9 C:\xampp\htdocs\laravel-test\vendor\laravel\framework\src\Illuminate\Database\Connection.php(763): Illuminate\Database\Connection->Illuminate\Database\{closure}(Object(Illuminate\Database\MySqlConnection), 'select * from `...', Array)
#10 C:\xampp\htdocs\laravel-test\vendor\laravel\framework\src\Illuminate\Database\Connection.php(726): Illuminate\Database\Connection->runQueryCallback('select * from `...', Array, Object(Closure))
#11 C:\xampp\htdocs\laravel-test\vendor\laravel\framework\src\Illuminate\Database\Connection.php(351): Illuminate\Database\Connection->run('select * from `...', Array, Object(Closure))
#12 C:\xampp\htdocs\laravel-test\vendor\laravel\framework\src\Illuminate\Database\Query\Builder.php(1648): Illuminate\Database\Connection->select('select * from `...', Array, true)
#13 C:\xampp\htdocs\laravel-test\vendor\laravel\framework\src\Illuminate\Database\Query\Builder.php(1634): Illuminate\Database\Query\Builder->runSelect()
#14 C:\xampp\htdocs\laravel-test\vendor\laravel\framework\src\Illuminate\Database\Eloquent\Builder.php(638): Illuminate\Database\Query\Builder->get(Array)
#15 C:\xampp\htdocs\laravel-test\vendor\laravel\framework\src\Illuminate\Database\Eloquent\Builder.php(327): Illuminate\Database\Eloquent\Builder->getModels(Array)
#16 C:\xampp\htdocs\laravel-test\vendor\spatie\laravel-permission\src\PermissionRegistrar.php(80): Illuminate\Database\Eloquent\Builder->get()
#17 C:\xampp\htdocs\laravel-test\vendor\laravel\framework\src\Illuminate\Cache\Repository.php(349): Spatie\Permission\PermissionRegistrar->Spatie\Permission\{closure}()
#18 C:\xampp\htdocs\laravel-test\vendor\spatie\laravel-permission\src\PermissionRegistrar.php(81): Illuminate\Cache\Repository->rememberForever('spatie.permissi...', Object(Closure))
#19 C:\xampp\htdocs\laravel-test\vendor\spatie\laravel-permission\src\PermissionRegistrar.php(46): Spatie\Permission\PermissionRegistrar->getPermissions()
#20 C:\xampp\htdocs\laravel-test\vendor\spatie\laravel-permission\src\PermissionServiceProvider.php(31): Spatie\Permission\PermissionRegistrar->registerPermissions()
#21 [internal function]: Spatie\Permission\PermissionServiceProvider->boot(Object(Spatie\Permission\PermissionRegistrar))
#22 C:\xampp\htdocs\laravel-test\vendor\laravel\framework\src\Illuminate\Container\Container.php(508): call_user_func_array(Array, Array)
#23 C:\xampp\htdocs\laravel-test\vendor\laravel\framework\src\Illuminate\Foundation\Application.php(769): Illuminate\Container\Container->call(Array)
#24 C:\xampp\htdocs\laravel-test\vendor\laravel\framework\src\Illuminate\Foundation\Application.php(752): Illuminate\Foundation\Application->bootProvider(Object(Spatie\Permission\PermissionServiceProvider))
#25 [internal function]: Illuminate\Foundation\Application->Illuminate\Foundation\{closure}(Object(Spatie\Permission\PermissionServiceProvider), 14)
#26 C:\xampp\htdocs\laravel-test\vendor\laravel\framework\src\Illuminate\Foundation\Application.php(753): array_walk(Array, Object(Closure))
#27 C:\xampp\htdocs\laravel-test\vendor\laravel\framework\src\Illuminate\Foundation\Bootstrap\BootProviders.php(17): Illuminate\Foundation\Application->boot()
#28 C:\xampp\htdocs\laravel-test\vendor\laravel\framework\src\Illuminate\Foundation\Application.php(203): Illuminate\Foundation\Bootstrap\BootProviders->bootstrap(Object(Illuminate\Foundation\Application))
#29 C:\xampp\htdocs\laravel-test\vendor\laravel\framework\src\Illuminate\Foundation\Console\Kernel.php(267): Illuminate\Foundation\Application->bootstrapWith(Array)
#30 C:\xampp\htdocs\laravel-test\vendor\laravel\framework\src\Illuminate\Foundation\Console\Kernel.php(113): Illuminate\Foundation\Console\Kernel->bootstrap()
#31 C:\xampp\htdocs\laravel-test\artisan(35): Illuminate\Foundation\Console\Kernel->handle(Object(Symfony\Component\Console\Input\ArgvInput), Object(Symfony\Component\Console\Output\ConsoleOutput))
#32 {main}  
[2017-03-10 03:25:57] local.ALERT: Could not register permissions because SQLSTATE[HY000] [1049] Unknown database 'eventbot' (SQL: select * from `permissions`)
#0 C:\xampp\htdocs\laravel-test\vendor\laravel\framework\src\Illuminate\Database\Connection.php(726): Illuminate\Database\Connection->runQueryCallback('select * from `...', Array, Object(Closure))
#1 C:\xampp\htdocs\laravel-test\vendor\laravel\framework\src\Illuminate\Database\Connection.php(351): Illuminate\Database\Connection->run('select * from `...', Array, Object(Closure))
#2 C:\xampp\htdocs\laravel-test\vendor\laravel\framework\src\Illuminate\Database\Query\Builder.php(1648): Illuminate\Database\Connection->select('select * from `...', Array, true)
#3 C:\xampp\htdocs\laravel-test\vendor\laravel\framework\src\Illuminate\Database\Query\Builder.php(1634): Illuminate\Database\Query\Builder->runSelect()
#4 C:\xampp\htdocs\laravel-test\vendor\laravel\framework\src\Illuminate\Database\Eloquent\Builder.php(638): Illuminate\Database\Query\Builder->get(Array)
#5 C:\xampp\htdocs\laravel-test\vendor\laravel\framework\src\Illuminate\Database\Eloquent\Builder.php(327): Illuminate\Database\Eloquent\Builder->getModels(Array)
#6 C:\xampp\htdocs\laravel-test\vendor\spatie\laravel-permission\src\PermissionRegistrar.php(80): Illuminate\Database\Eloquent\Builder->get()
#7 C:\xampp\htdocs\laravel-test\vendor\laravel\framework\src\Illuminate\Cache\Repository.php(349): Spatie\Permission\PermissionRegistrar->Spatie\Permission\{closure}()
#8 C:\xampp\htdocs\laravel-test\vendor\spatie\laravel-permission\src\PermissionRegistrar.php(81): Illuminate\Cache\Repository->rememberForever('spatie.permissi...', Object(Closure))
#9 C:\xampp\htdocs\laravel-test\vendor\spatie\laravel-permission\src\PermissionRegistrar.php(46): Spatie\Permission\PermissionRegistrar->getPermissions()
#10 C:\xampp\htdocs\laravel-test\vendor\spatie\laravel-permission\src\PermissionServiceProvider.php(31): Spatie\Permission\PermissionRegistrar->registerPermissions()
#11 [internal function]: Spatie\Permission\PermissionServiceProvider->boot(Object(Spatie\Permission\PermissionRegistrar))
#12 C:\xampp\htdocs\laravel-test\vendor\laravel\framework\src\Illuminate\Container\Container.php(508): call_user_func_array(Array, Array)
#13 C:\xampp\htdocs\laravel-test\vendor\laravel\framework\src\Illuminate\Foundation\Application.php(769): Illuminate\Container\Container->call(Array)
#14 C:\xampp\htdocs\laravel-test\vendor\laravel\framework\src\Illuminate\Foundation\Application.php(752): Illuminate\Foundation\Application->bootProvider(Object(Spatie\Permission\PermissionServiceProvider))
#15 [internal function]: Illuminate\Foundation\Application->Illuminate\Foundation\{closure}(Object(Spatie\Permission\PermissionServiceProvider), 14)
#16 C:\xampp\htdocs\laravel-test\vendor\laravel\framework\src\Illuminate\Foundation\Application.php(753): array_walk(Array, Object(Closure))
#17 C:\xampp\htdocs\laravel-test\vendor\laravel\framework\src\Illuminate\Foundation\Bootstrap\BootProviders.php(17): Illuminate\Foundation\Application->boot()
#18 C:\xampp\htdocs\laravel-test\vendor\laravel\framework\src\Illuminate\Foundation\Application.php(203): Illuminate\Foundation\Bootstrap\BootProviders->bootstrap(Object(Illuminate\Foundation\Application))
#19 C:\xampp\htdocs\laravel-test\vendor\laravel\framework\src\Illuminate\Foundation\Console\Kernel.php(267): Illuminate\Foundation\Application->bootstrapWith(Array)
#20 C:\xampp\htdocs\laravel-test\vendor\laravel\framework\src\Illuminate\Foundation\Console\Kernel.php(113): Illuminate\Foundation\Console\Kernel->bootstrap()
#21 C:\xampp\htdocs\laravel-test\artisan(35): Illuminate\Foundation\Console\Kernel->handle(Object(Symfony\Component\Console\Input\ArgvInput), Object(Symfony\Component\Console\Output\ConsoleOutput))
#22 {main}  
[2017-03-10 03:25:57] local.ERROR: PDOException: SQLSTATE[HY000] [1049] Unknown database 'eventbot' in C:\xampp\htdocs\laravel-test\vendor\laravel\framework\src\Illuminate\Database\Connectors\Connector.php:119
Stack trace:
#0 C:\xampp\htdocs\laravel-test\vendor\laravel\framework\src\Illuminate\Database\Connectors\Connector.php(119): PDO->__construct('mysql:host=loca...', 'root', '123456', Array)
#1 C:\xampp\htdocs\laravel-test\vendor\laravel\framework\src\Illuminate\Database\Connectors\Connector.php(56): Illuminate\Database\Connectors\Connector->createPdoConnection('mysql:host=loca...', 'root', '123456', Array)
#2 C:\xampp\htdocs\laravel-test\vendor\laravel\framework\src\Illuminate\Database\Connectors\MySqlConnector.php(24): Illuminate\Database\Connectors\Connector->createConnection('mysql:host=loca...', Array, Array)
#3 C:\xampp\htdocs\laravel-test\vendor\laravel\framework\src\Illuminate\Database\Connectors\ConnectionFactory.php(126): Illuminate\Database\Connectors\MySqlConnector->connect(Array)
#4 [internal function]: Illuminate\Database\Connectors\ConnectionFactory->Illuminate\Database\Connectors\{closure}()
#5 C:\xampp\htdocs\laravel-test\vendor\laravel\framework\src\Illuminate\Database\Connection.php(965): call_user_func(Object(Closure))
#6 C:\xampp\htdocs\laravel-test\vendor\laravel\framework\src\Illuminate\Database\Connection.php(986): Illuminate\Database\Connection->getPdo()
#7 C:\xampp\htdocs\laravel-test\vendor\laravel\framework\src\Illuminate\Database\Connection.php(423): Illuminate\Database\Connection->getReadPdo()
#8 C:\xampp\htdocs\laravel-test\vendor\laravel\framework\src\Illuminate\Database\Connection.php(333): Illuminate\Database\Connection->getPdoForSelect(true)
#9 C:\xampp\htdocs\laravel-test\vendor\laravel\framework\src\Illuminate\Database\Connection.php(763): Illuminate\Database\Connection->Illuminate\Database\{closure}(Object(Illuminate\Database\MySqlConnection), 'select * from i...', Array)
#10 C:\xampp\htdocs\laravel-test\vendor\laravel\framework\src\Illuminate\Database\Connection.php(726): Illuminate\Database\Connection->runQueryCallback('select * from i...', Array, Object(Closure))
#11 C:\xampp\htdocs\laravel-test\vendor\laravel\framework\src\Illuminate\Database\Connection.php(351): Illuminate\Database\Connection->run('select * from i...', Array, Object(Closure))
#12 C:\xampp\htdocs\laravel-test\vendor\laravel\framework\src\Illuminate\Database\Schema\MySqlBuilder.php(21): Illuminate\Database\Connection->select('select * from i...', Array)
#13 C:\xampp\htdocs\laravel-test\vendor\laravel\framework\src\Illuminate\Database\Migrations\DatabaseMigrationRepository.php(156): Illuminate\Database\Schema\MySqlBuilder->hasTable('migrations')
#14 C:\xampp\htdocs\laravel-test\vendor\laravel\framework\src\Illuminate\Database\Migrations\Migrator.php(515): Illuminate\Database\Migrations\DatabaseMigrationRepository->repositoryExists()
#15 C:\xampp\htdocs\laravel-test\vendor\laravel\framework\src\Illuminate\Database\Console\Migrations\MigrateCommand.php(92): Illuminate\Database\Migrations\Migrator->repositoryExists()
#16 C:\xampp\htdocs\laravel-test\vendor\laravel\framework\src\Illuminate\Database\Console\Migrations\MigrateCommand.php(58): Illuminate\Database\Console\Migrations\MigrateCommand->prepareDatabase()
#17 [internal function]: Illuminate\Database\Console\Migrations\MigrateCommand->fire()
#18 C:\xampp\htdocs\laravel-test\vendor\laravel\framework\src\Illuminate\Container\Container.php(508): call_user_func_array(Array, Array)
#19 C:\xampp\htdocs\laravel-test\vendor\laravel\framework\src\Illuminate\Console\Command.php(169): Illuminate\Container\Container->call(Array)
#20 C:\xampp\htdocs\laravel-test\vendor\symfony\console\Command\Command.php(261): Illuminate\Console\Command->execute(Object(Symfony\Component\Console\Input\ArgvInput), Object(Symfony\Component\Console\Output\ConsoleOutput))
#21 C:\xampp\htdocs\laravel-test\vendor\laravel\framework\src\Illuminate\Console\Command.php(155): Symfony\Component\Console\Command\Command->run(Object(Symfony\Component\Console\Input\ArgvInput), Object(Symfony\Component\Console\Output\ConsoleOutput))
#22 C:\xampp\htdocs\laravel-test\vendor\symfony\console\Application.php(817): Illuminate\Console\Command->run(Object(Symfony\Component\Console\Input\ArgvInput), Object(Symfony\Component\Console\Output\ConsoleOutput))
#23 C:\xampp\htdocs\laravel-test\vendor\symfony\console\Application.php(185): Symfony\Component\Console\Application->doRunCommand(Object(Illuminate\Database\Console\Migrations\MigrateCommand), Object(Symfony\Component\Console\Input\ArgvInput), Object(Symfony\Component\Console\Output\ConsoleOutput))
#24 C:\xampp\htdocs\laravel-test\vendor\symfony\console\Application.php(116): Symfony\Component\Console\Application->doRun(Object(Symfony\Component\Console\Input\ArgvInput), Object(Symfony\Component\Console\Output\ConsoleOutput))
#25 C:\xampp\htdocs\laravel-test\vendor\laravel\framework\src\Illuminate\Foundation\Console\Kernel.php(121): Symfony\Component\Console\Application->run(Object(Symfony\Component\Console\Input\ArgvInput), Object(Symfony\Component\Console\Output\ConsoleOutput))
#26 C:\xampp\htdocs\laravel-test\artisan(35): Illuminate\Foundation\Console\Kernel->handle(Object(Symfony\Component\Console\Input\ArgvInput), Object(Symfony\Component\Console\Output\ConsoleOutput))
#27 {main}  
[2017-03-10 03:25:57] local.ERROR: PDOException: SQLSTATE[HY000] [1049] Unknown database 'eventbot' in C:\xampp\htdocs\laravel-test\vendor\laravel\framework\src\Illuminate\Database\Connectors\Connector.php:119
Stack trace:
#0 C:\xampp\htdocs\laravel-test\vendor\laravel\framework\src\Illuminate\Database\Connectors\Connector.php(119): PDO->__construct('mysql:host=loca...', 'root', '123456', Array)
#1 C:\xampp\htdocs\laravel-test\vendor\laravel\framework\src\Illuminate\Database\Connectors\Connector.php(56): Illuminate\Database\Connectors\Connector->createPdoConnection('mysql:host=loca...', 'root', '123456', Array)
#2 C:\xampp\htdocs\laravel-test\vendor\laravel\framework\src\Illuminate\Database\Connectors\MySqlConnector.php(24): Illuminate\Database\Connectors\Connector->createConnection('mysql:host=loca...', Array, Array)
#3 C:\xampp\htdocs\laravel-test\vendor\laravel\framework\src\Illuminate\Database\Connectors\ConnectionFactory.php(126): Illuminate\Database\Connectors\MySqlConnector->connect(Array)
#4 [internal function]: Illuminate\Database\Connectors\ConnectionFactory->Illuminate\Database\Connectors\{closure}()
#5 C:\xampp\htdocs\laravel-test\vendor\laravel\framework\src\Illuminate\Database\Connection.php(965): call_user_func(Object(Closure))
#6 C:\xampp\htdocs\laravel-test\vendor\laravel\framework\src\Illuminate\Database\Connection.php(986): Illuminate\Database\Connection->getPdo()
#7 C:\xampp\htdocs\laravel-test\vendor\laravel\framework\src\Illuminate\Database\Connection.php(423): Illuminate\Database\Connection->getReadPdo()
#8 C:\xampp\htdocs\laravel-test\vendor\laravel\framework\src\Illuminate\Database\Connection.php(333): Illuminate\Database\Connection->getPdoForSelect(true)
#9 C:\xampp\htdocs\laravel-test\vendor\laravel\framework\src\Illuminate\Database\Connection.php(763): Illuminate\Database\Connection->Illuminate\Database\{closure}(Object(Illuminate\Database\MySqlConnection), 'select * from i...', Array)
#10 C:\xampp\htdocs\laravel-test\vendor\laravel\framework\src\Illuminate\Database\Connection.php(726): Illuminate\Database\Connection->runQueryCallback('select * from i...', Array, Object(Closure))
#11 C:\xampp\htdocs\laravel-test\vendor\laravel\framework\src\Illuminate\Database\Connection.php(351): Illuminate\Database\Connection->run('select * from i...', Array, Object(Closure))
#12 C:\xampp\htdocs\laravel-test\vendor\laravel\framework\src\Illuminate\Database\Schema\MySqlBuilder.php(21): Illuminate\Database\Connection->select('select * from i...', Array)
#13 C:\xampp\htdocs\laravel-test\vendor\laravel\framework\src\Illuminate\Database\Migrations\DatabaseMigrationRepository.php(156): Illuminate\Database\Schema\MySqlBuilder->hasTable('migrations')
#14 C:\xampp\htdocs\laravel-test\vendor\laravel\framework\src\Illuminate\Database\Migrations\Migrator.php(515): Illuminate\Database\Migrations\DatabaseMigrationRepository->repositoryExists()
#15 C:\xampp\htdocs\laravel-test\vendor\laravel\framework\src\Illuminate\Database\Console\Migrations\MigrateCommand.php(92): Illuminate\Database\Migrations\Migrator->repositoryExists()
#16 C:\xampp\htdocs\laravel-test\vendor\laravel\framework\src\Illuminate\Database\Console\Migrations\MigrateCommand.php(58): Illuminate\Database\Console\Migrations\MigrateCommand->prepareDatabase()
#17 [internal function]: Illuminate\Database\Console\Migrations\MigrateCommand->fire()
#18 C:\xampp\htdocs\laravel-test\vendor\laravel\framework\src\Illuminate\Container\Container.php(508): call_user_func_array(Array, Array)
#19 C:\xampp\htdocs\laravel-test\vendor\laravel\framework\src\Illuminate\Console\Command.php(169): Illuminate\Container\Container->call(Array)
#20 C:\xampp\htdocs\laravel-test\vendor\symfony\console\Command\Command.php(261): Illuminate\Console\Command->execute(Object(Symfony\Component\Console\Input\ArgvInput), Object(Symfony\Component\Console\Output\ConsoleOutput))
#21 C:\xampp\htdocs\laravel-test\vendor\laravel\framework\src\Illuminate\Console\Command.php(155): Symfony\Component\Console\Command\Command->run(Object(Symfony\Component\Console\Input\ArgvInput), Object(Symfony\Component\Console\Output\ConsoleOutput))
#22 C:\xampp\htdocs\laravel-test\vendor\symfony\console\Application.php(817): Illuminate\Console\Command->run(Object(Symfony\Component\Console\Input\ArgvInput), Object(Symfony\Component\Console\Output\ConsoleOutput))
#23 C:\xampp\htdocs\laravel-test\vendor\symfony\console\Application.php(185): Symfony\Component\Console\Application->doRunCommand(Object(Illuminate\Database\Console\Migrations\MigrateCommand), Object(Symfony\Component\Console\Input\ArgvInput), Object(Symfony\Component\Console\Output\ConsoleOutput))
#24 C:\xampp\htdocs\laravel-test\vendor\symfony\console\Application.php(116): Symfony\Component\Console\Application->doRun(Object(Symfony\Component\Console\Input\ArgvInput), Object(Symfony\Component\Console\Output\ConsoleOutput))
#25 C:\xampp\htdocs\laravel-test\vendor\laravel\framework\src\Illuminate\Foundation\Console\Kernel.php(121): Symfony\Component\Console\Application->run(Object(Symfony\Component\Console\Input\ArgvInput), Object(Symfony\Component\Console\Output\ConsoleOutput))
#26 C:\xampp\htdocs\laravel-test\artisan(35): Illuminate\Foundation\Console\Kernel->handle(Object(Symfony\Component\Console\Input\ArgvInput), Object(Symfony\Component\Console\Output\ConsoleOutput))
#27 {main}

Next Illuminate\Database\QueryException: SQLSTATE[HY000] [1049] Unknown database 'eventbot' (SQL: select * from information_schema.tables where table_schema = eventbot and table_name = migrations) in C:\xampp\htdocs\laravel-test\vendor\laravel\framework\src\Illuminate\Database\Connection.php:770
Stack trace:
#0 C:\xampp\htdocs\laravel-test\vendor\laravel\framework\src\Illuminate\Database\Connection.php(726): Illuminate\Database\Connection->runQueryCallback('select * from i...', Array, Object(Closure))
#1 C:\xampp\htdocs\laravel-test\vendor\laravel\framework\src\Illuminate\Database\Connection.php(351): Illuminate\Database\Connection->run('select * from i...', Array, Object(Closure))
#2 C:\xampp\htdocs\laravel-test\vendor\laravel\framework\src\Illuminate\Database\Schema\MySqlBuilder.php(21): Illuminate\Database\Connection->select('select * from i...', Array)
#3 C:\xampp\htdocs\laravel-test\vendor\laravel\framework\src\Illuminate\Database\Migrations\DatabaseMigrationRepository.php(156): Illuminate\Database\Schema\MySqlBuilder->hasTable('migrations')
#4 C:\xampp\htdocs\laravel-test\vendor\laravel\framework\src\Illuminate\Database\Migrations\Migrator.php(515): Illuminate\Database\Migrations\DatabaseMigrationRepository->repositoryExists()
#5 C:\xampp\htdocs\laravel-test\vendor\laravel\framework\src\Illuminate\Database\Console\Migrations\MigrateCommand.php(92): Illuminate\Database\Migrations\Migrator->repositoryExists()
#6 C:\xampp\htdocs\laravel-test\vendor\laravel\framework\src\Illuminate\Database\Console\Migrations\MigrateCommand.php(58): Illuminate\Database\Console\Migrations\MigrateCommand->prepareDatabase()
#7 [internal function]: Illuminate\Database\Console\Migrations\MigrateCommand->fire()
#8 C:\xampp\htdocs\laravel-test\vendor\laravel\framework\src\Illuminate\Container\Container.php(508): call_user_func_array(Array, Array)
#9 C:\xampp\htdocs\laravel-test\vendor\laravel\framework\src\Illuminate\Console\Command.php(169): Illuminate\Container\Container->call(Array)
#10 C:\xampp\htdocs\laravel-test\vendor\symfony\console\Command\Command.php(261): Illuminate\Console\Command->execute(Object(Symfony\Component\Console\Input\ArgvInput), Object(Symfony\Component\Console\Output\ConsoleOutput))
#11 C:\xampp\htdocs\laravel-test\vendor\laravel\framework\src\Illuminate\Console\Command.php(155): Symfony\Component\Console\Command\Command->run(Object(Symfony\Component\Console\Input\ArgvInput), Object(Symfony\Component\Console\Output\ConsoleOutput))
#12 C:\xampp\htdocs\laravel-test\vendor\symfony\console\Application.php(817): Illuminate\Console\Command->run(Object(Symfony\Component\Console\Input\ArgvInput), Object(Symfony\Component\Console\Output\ConsoleOutput))
#13 C:\xampp\htdocs\laravel-test\vendor\symfony\console\Application.php(185): Symfony\Component\Console\Application->doRunCommand(Object(Illuminate\Database\Console\Migrations\MigrateCommand), Object(Symfony\Component\Console\Input\ArgvInput), Object(Symfony\Component\Console\Output\ConsoleOutput))
#14 C:\xampp\htdocs\laravel-test\vendor\symfony\console\Application.php(116): Symfony\Component\Console\Application->doRun(Object(Symfony\Component\Console\Input\ArgvInput), Object(Symfony\Component\Console\Output\ConsoleOutput))
#15 C:\xampp\htdocs\laravel-test\vendor\laravel\framework\src\Illuminate\Foundation\Console\Kernel.php(121): Symfony\Component\Console\Application->run(Object(Symfony\Component\Console\Input\ArgvInput), Object(Symfony\Component\Console\Output\ConsoleOutput))
#16 C:\xampp\htdocs\laravel-test\artisan(35): Illuminate\Foundation\Console\Kernel->handle(Object(Symfony\Component\Console\Input\ArgvInput), Object(Symfony\Component\Console\Output\ConsoleOutput))
#17 {main}  
[2017-03-10 03:44:33] local.ALERT: Could not register permissions because SQLSTATE[42S02]: Base table or view not found: 1146 Table 'hsb-booking-db.permissions' doesn't exist (SQL: select * from `permissions`)
#0 C:\xampp\htdocs\laravel-test\vendor\laravel\framework\src\Illuminate\Database\Connection.php(726): Illuminate\Database\Connection->runQueryCallback('select * from `...', Array, Object(Closure))
#1 C:\xampp\htdocs\laravel-test\vendor\laravel\framework\src\Illuminate\Database\Connection.php(351): Illuminate\Database\Connection->run('select * from `...', Array, Object(Closure))
#2 C:\xampp\htdocs\laravel-test\vendor\laravel\framework\src\Illuminate\Database\Query\Builder.php(1648): Illuminate\Database\Connection->select('select * from `...', Array, true)
#3 C:\xampp\htdocs\laravel-test\vendor\laravel\framework\src\Illuminate\Database\Query\Builder.php(1634): Illuminate\Database\Query\Builder->runSelect()
#4 C:\xampp\htdocs\laravel-test\vendor\laravel\framework\src\Illuminate\Database\Eloquent\Builder.php(638): Illuminate\Database\Query\Builder->get(Array)
#5 C:\xampp\htdocs\laravel-test\vendor\laravel\framework\src\Illuminate\Database\Eloquent\Builder.php(327): Illuminate\Database\Eloquent\Builder->getModels(Array)
#6 C:\xampp\htdocs\laravel-test\vendor\spatie\laravel-permission\src\PermissionRegistrar.php(80): Illuminate\Database\Eloquent\Builder->get()
#7 C:\xampp\htdocs\laravel-test\vendor\laravel\framework\src\Illuminate\Cache\Repository.php(349): Spatie\Permission\PermissionRegistrar->Spatie\Permission\{closure}()
#8 C:\xampp\htdocs\laravel-test\vendor\spatie\laravel-permission\src\PermissionRegistrar.php(81): Illuminate\Cache\Repository->rememberForever('spatie.permissi...', Object(Closure))
#9 C:\xampp\htdocs\laravel-test\vendor\spatie\laravel-permission\src\PermissionRegistrar.php(46): Spatie\Permission\PermissionRegistrar->getPermissions()
#10 C:\xampp\htdocs\laravel-test\vendor\spatie\laravel-permission\src\PermissionServiceProvider.php(31): Spatie\Permission\PermissionRegistrar->registerPermissions()
#11 [internal function]: Spatie\Permission\PermissionServiceProvider->boot(Object(Spatie\Permission\PermissionRegistrar))
#12 C:\xampp\htdocs\laravel-test\vendor\laravel\framework\src\Illuminate\Container\Container.php(508): call_user_func_array(Array, Array)
#13 C:\xampp\htdocs\laravel-test\vendor\laravel\framework\src\Illuminate\Foundation\Application.php(769): Illuminate\Container\Container->call(Array)
#14 C:\xampp\htdocs\laravel-test\vendor\laravel\framework\src\Illuminate\Foundation\Application.php(752): Illuminate\Foundation\Application->bootProvider(Object(Spatie\Permission\PermissionServiceProvider))
#15 [internal function]: Illuminate\Foundation\Application->Illuminate\Foundation\{closure}(Object(Spatie\Permission\PermissionServiceProvider), 14)
#16 C:\xampp\htdocs\laravel-test\vendor\laravel\framework\src\Illuminate\Foundation\Application.php(753): array_walk(Array, Object(Closure))
#17 C:\xampp\htdocs\laravel-test\vendor\laravel\framework\src\Illuminate\Foundation\Bootstrap\BootProviders.php(17): Illuminate\Foundation\Application->boot()
#18 C:\xampp\htdocs\laravel-test\vendor\laravel\framework\src\Illuminate\Foundation\Application.php(203): Illuminate\Foundation\Bootstrap\BootProviders->bootstrap(Object(Illuminate\Foundation\Application))
#19 C:\xampp\htdocs\laravel-test\vendor\laravel\framework\src\Illuminate\Foundation\Console\Kernel.php(267): Illuminate\Foundation\Application->bootstrapWith(Array)
#20 C:\xampp\htdocs\laravel-test\vendor\laravel\framework\src\Illuminate\Foundation\Console\Kernel.php(113): Illuminate\Foundation\Console\Kernel->bootstrap()
#21 C:\xampp\htdocs\laravel-test\artisan(35): Illuminate\Foundation\Console\Kernel->handle(Object(Symfony\Component\Console\Input\ArgvInput), Object(Symfony\Component\Console\Output\ConsoleOutput))
#22 {main}  
[2019-06-05 06:46:33] local.ERROR: PDOException: SQLSTATE[HY000] [1045] Access denied for user 'root'@'localhost' (using password: YES) in C:\xampp\htdocs\laravel\vendor\doctrine\dbal\lib\Doctrine\DBAL\Driver\PDOConnection.php:40
Stack trace:
#0 C:\xampp\htdocs\laravel\vendor\doctrine\dbal\lib\Doctrine\DBAL\Driver\PDOConnection.php(40): PDO->__construct('mysql:host=loca...', 'root', '4I0eDrOT1bzYhRo...', Array)
#1 C:\xampp\htdocs\laravel\vendor\laravel\framework\src\Illuminate\Database\Connectors\Connector.php(116): Doctrine\DBAL\Driver\PDOConnection->__construct('mysql:host=loca...', 'root', '4I0eDrOT1bzYhRo...', Array)
#2 C:\xampp\htdocs\laravel\vendor\laravel\framework\src\Illuminate\Database\Connectors\Connector.php(56): Illuminate\Database\Connectors\Connector->createPdoConnection('mysql:host=loca...', 'root', '4I0eDrOT1bzYhRo...', Array)
#3 C:\xampp\htdocs\laravel\vendor\laravel\framework\src\Illuminate\Database\Connectors\MySqlConnector.php(24): Illuminate\Database\Connectors\Connector->createConnection('mysql:host=loca...', Array, Array)
#4 C:\xampp\htdocs\laravel\vendor\laravel\framework\src\Illuminate\Database\Connectors\ConnectionFactory.php(126): Illuminate\Database\Connectors\MySqlConnector->connect(Array)
#5 [internal function]: Illuminate\Database\Connectors\ConnectionFactory->Illuminate\Database\Connectors\{closure}()
#6 C:\xampp\htdocs\laravel\vendor\laravel\framework\src\Illuminate\Database\Connection.php(965): call_user_func(Object(Closure))
#7 C:\xampp\htdocs\laravel\vendor\laravel\framework\src\Illuminate\Database\Connection.php(986): Illuminate\Database\Connection->getPdo()
#8 C:\xampp\htdocs\laravel\vendor\laravel\framework\src\Illuminate\Database\Connection.php(423): Illuminate\Database\Connection->getReadPdo()
#9 C:\xampp\htdocs\laravel\vendor\laravel\framework\src\Illuminate\Database\Connection.php(333): Illuminate\Database\Connection->getPdoForSelect(true)
#10 C:\xampp\htdocs\laravel\vendor\laravel\framework\src\Illuminate\Database\Connection.php(763): Illuminate\Database\Connection->Illuminate\Database\{closure}(Object(Illuminate\Database\MySqlConnection), 'select `id` fro...', Array)
#11 C:\xampp\htdocs\laravel\vendor\laravel\framework\src\Illuminate\Database\Connection.php(726): Illuminate\Database\Connection->runQueryCallback('select `id` fro...', Array, Object(Closure))
#12 C:\xampp\htdocs\laravel\vendor\laravel\framework\src\Illuminate\Database\Connection.php(351): Illuminate\Database\Connection->run('select `id` fro...', Array, Object(Closure))
#13 C:\xampp\htdocs\laravel\vendor\laravel\framework\src\Illuminate\Database\Query\Builder.php(1648): Illuminate\Database\Connection->select('select `id` fro...', Array, true)
#14 C:\xampp\htdocs\laravel\vendor\laravel\framework\src\Illuminate\Database\Query\Builder.php(1634): Illuminate\Database\Query\Builder->runSelect()
#15 C:\xampp\htdocs\laravel\vendor\laravel\framework\src\Illuminate\Database\Query\Builder.php(1617): Illuminate\Database\Query\Builder->get(Array)
#16 C:\xampp\htdocs\laravel\app\Helpers\ConnectionManager.php(22): Illuminate\Database\Query\Builder->first()
#17 C:\xampp\htdocs\laravel\app\Http\Controllers\MenuController.php(23): App\Helpers\ConnectionManager::setDbConfig('Menus')
#18 [internal function]: App\Http\Controllers\MenuController->__construct()
#19 C:\xampp\htdocs\laravel\vendor\laravel\framework\src\Illuminate\Container\Container.php(794): ReflectionClass->newInstanceArgs(Array)
#20 C:\xampp\htdocs\laravel\vendor\laravel\framework\src\Illuminate\Container\Container.php(644): Illuminate\Container\Container->build('App\\Http\\Contro...', Array)
#21 C:\xampp\htdocs\laravel\vendor\laravel\framework\src\Illuminate\Foundation\Application.php(709): Illuminate\Container\Container->make('App\\Http\\Contro...', Array)
#22 C:\xampp\htdocs\laravel\app\Providers\LAProvider.php(77): Illuminate\Foundation\Application->make('App\\Http\\Contro...')
#23 C:\xampp\htdocs\laravel\vendor\laravel\framework\src\Illuminate\Foundation\Application.php(565): App\Providers\LAProvider->register()
#24 C:\xampp\htdocs\laravel\vendor\laravel\framework\src\Illuminate\Foundation\ProviderRepository.php(74): Illuminate\Foundation\Application->register(Object(App\Providers\LAProvider))
#25 C:\xampp\htdocs\laravel\vendor\laravel\framework\src\Illuminate\Foundation\Application.php(540): Illuminate\Foundation\ProviderRepository->load(Array)
#26 C:\xampp\htdocs\laravel\vendor\laravel\framework\src\Illuminate\Foundation\Bootstrap\RegisterProviders.php(17): Illuminate\Foundation\Application->registerConfiguredProviders()
#27 C:\xampp\htdocs\laravel\vendor\laravel\framework\src\Illuminate\Foundation\Application.php(203): Illuminate\Foundation\Bootstrap\RegisterProviders->bootstrap(Object(Illuminate\Foundation\Application))
#28 C:\xampp\htdocs\laravel\vendor\laravel\framework\src\Illuminate\Foundation\Console\Kernel.php(267): Illuminate\Foundation\Application->bootstrapWith(Array)
#29 C:\xampp\htdocs\laravel\vendor\laravel\framework\src\Illuminate\Foundation\Console\Kernel.php(113): Illuminate\Foundation\Console\Kernel->bootstrap()
#30 C:\xampp\htdocs\laravel\artisan(35): Illuminate\Foundation\Console\Kernel->handle(Object(Symfony\Component\Console\Input\ArgvInput), Object(Symfony\Component\Console\Output\ConsoleOutput))
#31 {main}  
[2019-06-05 06:46:57] local.ERROR: PDOException: SQLSTATE[HY000] [1045] Access denied for user 'root'@'localhost' (using password: YES) in C:\xampp\htdocs\laravel\vendor\doctrine\dbal\lib\Doctrine\DBAL\Driver\PDOConnection.php:40
Stack trace:
#0 C:\xampp\htdocs\laravel\vendor\doctrine\dbal\lib\Doctrine\DBAL\Driver\PDOConnection.php(40): PDO->__construct('mysql:host=loca...', 'root', '4I0eDrOT1bzYhRo...', Array)
#1 C:\xampp\htdocs\laravel\vendor\laravel\framework\src\Illuminate\Database\Connectors\Connector.php(116): Doctrine\DBAL\Driver\PDOConnection->__construct('mysql:host=loca...', 'root', '4I0eDrOT1bzYhRo...', Array)
#2 C:\xampp\htdocs\laravel\vendor\laravel\framework\src\Illuminate\Database\Connectors\Connector.php(56): Illuminate\Database\Connectors\Connector->createPdoConnection('mysql:host=loca...', 'root', '4I0eDrOT1bzYhRo...', Array)
#3 C:\xampp\htdocs\laravel\vendor\laravel\framework\src\Illuminate\Database\Connectors\MySqlConnector.php(24): Illuminate\Database\Connectors\Connector->createConnection('mysql:host=loca...', Array, Array)
#4 C:\xampp\htdocs\laravel\vendor\laravel\framework\src\Illuminate\Database\Connectors\ConnectionFactory.php(126): Illuminate\Database\Connectors\MySqlConnector->connect(Array)
#5 [internal function]: Illuminate\Database\Connectors\ConnectionFactory->Illuminate\Database\Connectors\{closure}()
#6 C:\xampp\htdocs\laravel\vendor\laravel\framework\src\Illuminate\Database\Connection.php(965): call_user_func(Object(Closure))
#7 C:\xampp\htdocs\laravel\vendor\laravel\framework\src\Illuminate\Database\Connection.php(986): Illuminate\Database\Connection->getPdo()
#8 C:\xampp\htdocs\laravel\vendor\laravel\framework\src\Illuminate\Database\Connection.php(423): Illuminate\Database\Connection->getReadPdo()
#9 C:\xampp\htdocs\laravel\vendor\laravel\framework\src\Illuminate\Database\Connection.php(333): Illuminate\Database\Connection->getPdoForSelect(true)
#10 C:\xampp\htdocs\laravel\vendor\laravel\framework\src\Illuminate\Database\Connection.php(763): Illuminate\Database\Connection->Illuminate\Database\{closure}(Object(Illuminate\Database\MySqlConnection), 'select `id` fro...', Array)
#11 C:\xampp\htdocs\laravel\vendor\laravel\framework\src\Illuminate\Database\Connection.php(726): Illuminate\Database\Connection->runQueryCallback('select `id` fro...', Array, Object(Closure))
#12 C:\xampp\htdocs\laravel\vendor\laravel\framework\src\Illuminate\Database\Connection.php(351): Illuminate\Database\Connection->run('select `id` fro...', Array, Object(Closure))
#13 C:\xampp\htdocs\laravel\vendor\laravel\framework\src\Illuminate\Database\Query\Builder.php(1648): Illuminate\Database\Connection->select('select `id` fro...', Array, true)
#14 C:\xampp\htdocs\laravel\vendor\laravel\framework\src\Illuminate\Database\Query\Builder.php(1634): Illuminate\Database\Query\Builder->runSelect()
#15 C:\xampp\htdocs\laravel\vendor\laravel\framework\src\Illuminate\Database\Query\Builder.php(1617): Illuminate\Database\Query\Builder->get(Array)
#16 C:\xampp\htdocs\laravel\app\Helpers\ConnectionManager.php(22): Illuminate\Database\Query\Builder->first()
#17 C:\xampp\htdocs\laravel\app\Http\Controllers\MenuController.php(23): App\Helpers\ConnectionManager::setDbConfig('Menus')
#18 [internal function]: App\Http\Controllers\MenuController->__construct()
#19 C:\xampp\htdocs\laravel\vendor\laravel\framework\src\Illuminate\Container\Container.php(794): ReflectionClass->newInstanceArgs(Array)
#20 C:\xampp\htdocs\laravel\vendor\laravel\framework\src\Illuminate\Container\Container.php(644): Illuminate\Container\Container->build('App\\Http\\Contro...', Array)
#21 C:\xampp\htdocs\laravel\vendor\laravel\framework\src\Illuminate\Foundation\Application.php(709): Illuminate\Container\Container->make('App\\Http\\Contro...', Array)
#22 C:\xampp\htdocs\laravel\app\Providers\LAProvider.php(77): Illuminate\Foundation\Application->make('App\\Http\\Contro...')
#23 C:\xampp\htdocs\laravel\vendor\laravel\framework\src\Illuminate\Foundation\Application.php(565): App\Providers\LAProvider->register()
#24 C:\xampp\htdocs\laravel\vendor\laravel\framework\src\Illuminate\Foundation\ProviderRepository.php(74): Illuminate\Foundation\Application->register(Object(App\Providers\LAProvider))
#25 C:\xampp\htdocs\laravel\vendor\laravel\framework\src\Illuminate\Foundation\Application.php(540): Illuminate\Foundation\ProviderRepository->load(Array)
#26 C:\xampp\htdocs\laravel\vendor\laravel\framework\src\Illuminate\Foundation\Bootstrap\RegisterProviders.php(17): Illuminate\Foundation\Application->registerConfiguredProviders()
#27 C:\xampp\htdocs\laravel\vendor\laravel\framework\src\Illuminate\Foundation\Application.php(203): Illuminate\Foundation\Bootstrap\RegisterProviders->bootstrap(Object(Illuminate\Foundation\Application))
#28 C:\xampp\htdocs\laravel\vendor\laravel\framework\src\Illuminate\Foundation\Console\Kernel.php(267): Illuminate\Foundation\Application->bootstrapWith(Array)
#29 C:\xampp\htdocs\laravel\vendor\laravel\framework\src\Illuminate\Foundation\Console\Kernel.php(113): Illuminate\Foundation\Console\Kernel->bootstrap()
#30 C:\xampp\htdocs\laravel\artisan(35): Illuminate\Foundation\Console\Kernel->handle(Object(Symfony\Component\Console\Input\ArgvInput), Object(Symfony\Component\Console\Output\ConsoleOutput))
#31 {main}  
[2019-06-05 06:46:59] local.ERROR: PDOException: SQLSTATE[HY000] [1045] Access denied for user 'root'@'localhost' (using password: YES) in C:\xampp\htdocs\laravel\vendor\doctrine\dbal\lib\Doctrine\DBAL\Driver\PDOConnection.php:40
Stack trace:
#0 C:\xampp\htdocs\laravel\vendor\doctrine\dbal\lib\Doctrine\DBAL\Driver\PDOConnection.php(40): PDO->__construct('mysql:host=loca...', 'root', '4I0eDrOT1bzYhRo...', Array)
#1 C:\xampp\htdocs\laravel\vendor\laravel\framework\src\Illuminate\Database\Connectors\Connector.php(116): Doctrine\DBAL\Driver\PDOConnection->__construct('mysql:host=loca...', 'root', '4I0eDrOT1bzYhRo...', Array)
#2 C:\xampp\htdocs\laravel\vendor\laravel\framework\src\Illuminate\Database\Connectors\Connector.php(56): Illuminate\Database\Connectors\Connector->createPdoConnection('mysql:host=loca...', 'root', '4I0eDrOT1bzYhRo...', Array)
#3 C:\xampp\htdocs\laravel\vendor\laravel\framework\src\Illuminate\Database\Connectors\MySqlConnector.php(24): Illuminate\Database\Connectors\Connector->createConnection('mysql:host=loca...', Array, Array)
#4 C:\xampp\htdocs\laravel\vendor\laravel\framework\src\Illuminate\Database\Connectors\ConnectionFactory.php(126): Illuminate\Database\Connectors\MySqlConnector->connect(Array)
#5 [internal function]: Illuminate\Database\Connectors\ConnectionFactory->Illuminate\Database\Connectors\{closure}()
#6 C:\xampp\htdocs\laravel\vendor\laravel\framework\src\Illuminate\Database\Connection.php(965): call_user_func(Object(Closure))
#7 C:\xampp\htdocs\laravel\vendor\laravel\framework\src\Illuminate\Database\Connection.php(986): Illuminate\Database\Connection->getPdo()
#8 C:\xampp\htdocs\laravel\vendor\laravel\framework\src\Illuminate\Database\Connection.php(423): Illuminate\Database\Connection->getReadPdo()
#9 C:\xampp\htdocs\laravel\vendor\laravel\framework\src\Illuminate\Database\Connection.php(333): Illuminate\Database\Connection->getPdoForSelect(true)
#10 C:\xampp\htdocs\laravel\vendor\laravel\framework\src\Illuminate\Database\Connection.php(763): Illuminate\Database\Connection->Illuminate\Database\{closure}(Object(Illuminate\Database\MySqlConnection), 'select `id` fro...', Array)
#11 C:\xampp\htdocs\laravel\vendor\laravel\framework\src\Illuminate\Database\Connection.php(726): Illuminate\Database\Connection->runQueryCallback('select `id` fro...', Array, Object(Closure))
#12 C:\xampp\htdocs\laravel\vendor\laravel\framework\src\Illuminate\Database\Connection.php(351): Illuminate\Database\Connection->run('select `id` fro...', Array, Object(Closure))
#13 C:\xampp\htdocs\laravel\vendor\laravel\framework\src\Illuminate\Database\Query\Builder.php(1648): Illuminate\Database\Connection->select('select `id` fro...', Array, true)
#14 C:\xampp\htdocs\laravel\vendor\laravel\framework\src\Illuminate\Database\Query\Builder.php(1634): Illuminate\Database\Query\Builder->runSelect()
#15 C:\xampp\htdocs\laravel\vendor\laravel\framework\src\Illuminate\Database\Query\Builder.php(1617): Illuminate\Database\Query\Builder->get(Array)
#16 C:\xampp\htdocs\laravel\app\Helpers\ConnectionManager.php(22): Illuminate\Database\Query\Builder->first()
#17 C:\xampp\htdocs\laravel\app\Http\Controllers\MenuController.php(23): App\Helpers\ConnectionManager::setDbConfig('Menus')
#18 [internal function]: App\Http\Controllers\MenuController->__construct()
#19 C:\xampp\htdocs\laravel\vendor\laravel\framework\src\Illuminate\Container\Container.php(794): ReflectionClass->newInstanceArgs(Array)
#20 C:\xampp\htdocs\laravel\vendor\laravel\framework\src\Illuminate\Container\Container.php(644): Illuminate\Container\Container->build('App\\Http\\Contro...', Array)
#21 C:\xampp\htdocs\laravel\vendor\laravel\framework\src\Illuminate\Foundation\Application.php(709): Illuminate\Container\Container->make('App\\Http\\Contro...', Array)
#22 C:\xampp\htdocs\laravel\app\Providers\LAProvider.php(77): Illuminate\Foundation\Application->make('App\\Http\\Contro...')
#23 C:\xampp\htdocs\laravel\vendor\laravel\framework\src\Illuminate\Foundation\Application.php(565): App\Providers\LAProvider->register()
#24 C:\xampp\htdocs\laravel\vendor\laravel\framework\src\Illuminate\Foundation\ProviderRepository.php(74): Illuminate\Foundation\Application->register(Object(App\Providers\LAProvider))
#25 C:\xampp\htdocs\laravel\vendor\laravel\framework\src\Illuminate\Foundation\Application.php(540): Illuminate\Foundation\ProviderRepository->load(Array)
#26 C:\xampp\htdocs\laravel\vendor\laravel\framework\src\Illuminate\Foundation\Bootstrap\RegisterProviders.php(17): Illuminate\Foundation\Application->registerConfiguredProviders()
#27 C:\xampp\htdocs\laravel\vendor\laravel\framework\src\Illuminate\Foundation\Application.php(203): Illuminate\Foundation\Bootstrap\RegisterProviders->bootstrap(Object(Illuminate\Foundation\Application))
#28 C:\xampp\htdocs\laravel\vendor\laravel\framework\src\Illuminate\Foundation\Console\Kernel.php(267): Illuminate\Foundation\Application->bootstrapWith(Array)
#29 C:\xampp\htdocs\laravel\vendor\laravel\framework\src\Illuminate\Foundation\Console\Kernel.php(113): Illuminate\Foundation\Console\Kernel->bootstrap()
#30 C:\xampp\htdocs\laravel\artisan(35): Illuminate\Foundation\Console\Kernel->handle(Object(Symfony\Component\Console\Input\ArgvInput), Object(Symfony\Component\Console\Output\ConsoleOutput))
#31 {main}  
[2019-06-05 06:47:01] local.ERROR: PDOException: SQLSTATE[HY000] [1045] Access denied for user 'root'@'localhost' (using password: YES) in C:\xampp\htdocs\laravel\vendor\doctrine\dbal\lib\Doctrine\DBAL\Driver\PDOConnection.php:40
Stack trace:
#0 C:\xampp\htdocs\laravel\vendor\doctrine\dbal\lib\Doctrine\DBAL\Driver\PDOConnection.php(40): PDO->__construct('mysql:host=loca...', 'root', '4I0eDrOT1bzYhRo...', Array)
#1 C:\xampp\htdocs\laravel\vendor\laravel\framework\src\Illuminate\Database\Connectors\Connector.php(116): Doctrine\DBAL\Driver\PDOConnection->__construct('mysql:host=loca...', 'root', '4I0eDrOT1bzYhRo...', Array)
#2 C:\xampp\htdocs\laravel\vendor\laravel\framework\src\Illuminate\Database\Connectors\Connector.php(56): Illuminate\Database\Connectors\Connector->createPdoConnection('mysql:host=loca...', 'root', '4I0eDrOT1bzYhRo...', Array)
#3 C:\xampp\htdocs\laravel\vendor\laravel\framework\src\Illuminate\Database\Connectors\MySqlConnector.php(24): Illuminate\Database\Connectors\Connector->createConnection('mysql:host=loca...', Array, Array)
#4 C:\xampp\htdocs\laravel\vendor\laravel\framework\src\Illuminate\Database\Connectors\ConnectionFactory.php(126): Illuminate\Database\Connectors\MySqlConnector->connect(Array)
#5 [internal function]: Illuminate\Database\Connectors\ConnectionFactory->Illuminate\Database\Connectors\{closure}()
#6 C:\xampp\htdocs\laravel\vendor\laravel\framework\src\Illuminate\Database\Connection.php(965): call_user_func(Object(Closure))
#7 C:\xampp\htdocs\laravel\vendor\laravel\framework\src\Illuminate\Database\Connection.php(986): Illuminate\Database\Connection->getPdo()
#8 C:\xampp\htdocs\laravel\vendor\laravel\framework\src\Illuminate\Database\Connection.php(423): Illuminate\Database\Connection->getReadPdo()
#9 C:\xampp\htdocs\laravel\vendor\laravel\framework\src\Illuminate\Database\Connection.php(333): Illuminate\Database\Connection->getPdoForSelect(true)
#10 C:\xampp\htdocs\laravel\vendor\laravel\framework\src\Illuminate\Database\Connection.php(763): Illuminate\Database\Connection->Illuminate\Database\{closure}(Object(Illuminate\Database\MySqlConnection), 'select `id` fro...', Array)
#11 C:\xampp\htdocs\laravel\vendor\laravel\framework\src\Illuminate\Database\Connection.php(726): Illuminate\Database\Connection->runQueryCallback('select `id` fro...', Array, Object(Closure))
#12 C:\xampp\htdocs\laravel\vendor\laravel\framework\src\Illuminate\Database\Connection.php(351): Illuminate\Database\Connection->run('select `id` fro...', Array, Object(Closure))
#13 C:\xampp\htdocs\laravel\vendor\laravel\framework\src\Illuminate\Database\Query\Builder.php(1648): Illuminate\Database\Connection->select('select `id` fro...', Array, true)
#14 C:\xampp\htdocs\laravel\vendor\laravel\framework\src\Illuminate\Database\Query\Builder.php(1634): Illuminate\Database\Query\Builder->runSelect()
#15 C:\xampp\htdocs\laravel\vendor\laravel\framework\src\Illuminate\Database\Query\Builder.php(1617): Illuminate\Database\Query\Builder->get(Array)
#16 C:\xampp\htdocs\laravel\app\Helpers\ConnectionManager.php(22): Illuminate\Database\Query\Builder->first()
#17 C:\xampp\htdocs\laravel\app\Http\Controllers\MenuController.php(23): App\Helpers\ConnectionManager::setDbConfig('Menus')
#18 [internal function]: App\Http\Controllers\MenuController->__construct()
#19 C:\xampp\htdocs\laravel\vendor\laravel\framework\src\Illuminate\Container\Container.php(794): ReflectionClass->newInstanceArgs(Array)
#20 C:\xampp\htdocs\laravel\vendor\laravel\framework\src\Illuminate\Container\Container.php(644): Illuminate\Container\Container->build('App\\Http\\Contro...', Array)
#21 C:\xampp\htdocs\laravel\vendor\laravel\framework\src\Illuminate\Foundation\Application.php(709): Illuminate\Container\Container->make('App\\Http\\Contro...', Array)
#22 C:\xampp\htdocs\laravel\app\Providers\LAProvider.php(77): Illuminate\Foundation\Application->make('App\\Http\\Contro...')
#23 C:\xampp\htdocs\laravel\vendor\laravel\framework\src\Illuminate\Foundation\Application.php(565): App\Providers\LAProvider->register()
#24 C:\xampp\htdocs\laravel\vendor\laravel\framework\src\Illuminate\Foundation\ProviderRepository.php(74): Illuminate\Foundation\Application->register(Object(App\Providers\LAProvider))
#25 C:\xampp\htdocs\laravel\vendor\laravel\framework\src\Illuminate\Foundation\Application.php(540): Illuminate\Foundation\ProviderRepository->load(Array)
#26 C:\xampp\htdocs\laravel\vendor\laravel\framework\src\Illuminate\Foundation\Bootstrap\RegisterProviders.php(17): Illuminate\Foundation\Application->registerConfiguredProviders()
#27 C:\xampp\htdocs\laravel\vendor\laravel\framework\src\Illuminate\Foundation\Application.php(203): Illuminate\Foundation\Bootstrap\RegisterProviders->bootstrap(Object(Illuminate\Foundation\Application))
#28 C:\xampp\htdocs\laravel\vendor\laravel\framework\src\Illuminate\Foundation\Console\Kernel.php(267): Illuminate\Foundation\Application->bootstrapWith(Array)
#29 C:\xampp\htdocs\laravel\vendor\laravel\framework\src\Illuminate\Foundation\Console\Kernel.php(113): Illuminate\Foundation\Console\Kernel->bootstrap()
#30 C:\xampp\htdocs\laravel\artisan(35): Illuminate\Foundation\Console\Kernel->handle(Object(Symfony\Component\Console\Input\ArgvInput), Object(Symfony\Component\Console\Output\ConsoleOutput))
#31 {main}  
